# JRE version: Java(TM) SE Runtime Environment (8.0_202-b08) (build 1.8.0_202-b08)
# Java VM: Java HotSpot(TM) 64-Bit Server VM (25.202-b08 mixed mode windows-amd64 compressed oops)
Heap:
 PSYoungGen      total 300544K, used 28122K [0x00000000d6000000, 0x00000000eb400000, 0x0000000100000000)
  eden space 289792K, 6% used [0x00000000d6000000,0x00000000d716add0,0x00000000e7b00000)
  from space 10752K, 95% used [0x00000000ea980000,0x00000000eb38bb58,0x00000000eb400000)
  to   space 16896K, 0% used [0x00000000e9300000,0x00000000e9300000,0x00000000ea380000)
 ParOldGen       total 83968K, used 26357K [0x0000000082000000, 0x0000000087200000, 0x00000000d6000000)
  object space 83968K, 31% used [0x0000000082000000,0x00000000839bd718,0x0000000087200000)
 Metaspace       used 38297K, capacity 40480K, committed 40704K, reserved 1083392K
  class space    used 5358K, capacity 5766K, committed 5888K, reserved 1048576K
GC Heap History (10 events):
Event: 11.913 GC heap before
{Heap before GC invocations=8 (full 1):
 PSYoungGen      total 126976K, used 126885K [0x00000000d6000000, 0x00000000def80000, 0x0000000100000000)
  eden space 121344K, 100% used [0x00000000d6000000,0x00000000dd680000,0x00000000dd680000)
  from space 5632K, 98% used [0x00000000dea00000,0x00000000def69560,0x00000000def80000)
  to   space 10240K, 0% used [0x00000000ddb80000,0x00000000ddb80000,0x00000000de580000)
 ParOldGen       total 48128K, used 6273K [0x0000000082000000, 0x0000000084f00000, 0x00000000d6000000)
  object space 48128K, 13% used [0x0000000082000000,0x0000000082620668,0x0000000084f00000)
 Metaspace       used 26019K, capacity 27074K, committed 27264K, reserved 1073152K
  class space    used 3591K, capacity 3842K, committed 3968K, reserved 1048576K
Event: 11.921 GC heap after
Heap after GC invocations=8 (full 1):
 PSYoungGen      total 136704K, used 9144K [0x00000000d6000000, 0x00000000e4d80000, 0x0000000100000000)
  eden space 126464K, 0% used [0x00000000d6000000,0x00000000d6000000,0x00000000ddb80000)
  from space 10240K, 89% used [0x00000000ddb80000,0x00000000de46e170,0x00000000de580000)
  to   space 10752K, 0% used [0x00000000e4300000,0x00000000e4300000,0x00000000e4d80000)
 ParOldGen       total 48128K, used 6281K [0x0000000082000000, 0x0000000084f00000, 0x00000000d6000000)
  object space 48128K, 13% used [0x0000000082000000,0x0000000082622668,0x0000000084f00000)
 Metaspace       used 26019K, capacity 27074K, committed 27264K, reserved 1073152K
  class space    used 3591K, capacity 3842K, committed 3968K, reserved 1048576K
}
Event: 12.831 GC heap before
{Heap before GC invocations=9 (full 1):
 PSYoungGen      total 136704K, used 135608K [0x00000000d6000000, 0x00000000e4d80000, 0x0000000100000000)
  eden space 126464K, 100% used [0x00000000d6000000,0x00000000ddb80000,0x00000000ddb80000)
  from space 10240K, 89% used [0x00000000ddb80000,0x00000000de46e170,0x00000000de580000)
  to   space 10752K, 0% used [0x00000000e4300000,0x00000000e4300000,0x00000000e4d80000)
 ParOldGen       total 48128K, used 6281K [0x0000000082000000, 0x0000000084f00000, 0x00000000d6000000)
  object space 48128K, 13% used [0x0000000082000000,0x0000000082622668,0x0000000084f00000)
 Metaspace       used 31245K, capacity 32748K, committed 33024K, reserved 1077248K
  class space    used 4273K, capacity 4585K, committed 4608K, reserved 1048576K
Event: 12.843 GC heap after
Heap after GC invocations=9 (full 1):
 PSYoungGen      total 227840K, used 10736K [0x00000000d6000000, 0x00000000e5d80000, 0x0000000100000000)
  eden space 217088K, 0% used [0x00000000d6000000,0x00000000d6000000,0x00000000e3400000)
  from space 10752K, 99% used [0x00000000e4300000,0x00000000e4d7c1b0,0x00000000e4d80000)
  to   space 15360K, 0% used [0x00000000e3400000,0x00000000e3400000,0x00000000e4300000)
 ParOldGen       total 48128K, used 13302K [0x0000000082000000, 0x0000000084f00000, 0x00000000d6000000)
  object space 48128K, 27% used [0x0000000082000000,0x0000000082cfd990,0x0000000084f00000)
 Metaspace       used 31245K, capacity 32748K, committed 33024K, reserved 1077248K
  class space    used 4273K, capacity 4585K, committed 4608K, reserved 1048576K
}
Event: 13.774 GC heap before
{Heap before GC invocations=10 (full 1):
 PSYoungGen      total 227840K, used 150646K [0x00000000d6000000, 0x00000000e5d80000, 0x0000000100000000)
  eden space 217088K, 64% used [0x00000000d6000000,0x00000000de8a1898,0x00000000e3400000)
  from space 10752K, 99% used [0x00000000e4300000,0x00000000e4d7c1b0,0x00000000e4d80000)
  to   space 15360K, 0% used [0x00000000e3400000,0x00000000e3400000,0x00000000e4300000)
 ParOldGen       total 48128K, used 13302K [0x0000000082000000, 0x0000000084f00000, 0x00000000d6000000)
  object space 48128K, 27% used [0x0000000082000000,0x0000000082cfd990,0x0000000084f00000)
 Metaspace       used 33686K, capacity 35402K, committed 35456K, reserved 1079296K
  class space    used 4654K, capacity 4974K, committed 4992K, reserved 1048576K
Event: 13.787 GC heap after
Heap after GC invocations=10 (full 1):
 PSYoungGen      total 232448K, used 15188K [0x00000000d6000000, 0x00000000eba00000, 0x0000000100000000)
  eden space 217088K, 0% used [0x00000000d6000000,0x00000000d6000000,0x00000000e3400000)
  from space 15360K, 98% used [0x00000000e3400000,0x00000000e42d5160,0x00000000e4300000)
  to   space 16896K, 0% used [0x00000000ea980000,0x00000000ea980000,0x00000000eba00000)
 ParOldGen       total 48128K, used 14918K [0x0000000082000000, 0x0000000084f00000, 0x00000000d6000000)
  object space 48128K, 30% used [0x0000000082000000,0x0000000082e91990,0x0000000084f00000)
 Metaspace       used 33686K, capacity 35402K, committed 35456K, reserved 1079296K
  class space    used 4654K, capacity 4974K, committed 4992K, reserved 1048576K
}
Event: 13.787 GC heap before
{Heap before GC invocations=11 (full 2):
 PSYoungGen      total 232448K, used 15188K [0x00000000d6000000, 0x00000000eba00000, 0x0000000100000000)
  eden space 217088K, 0% used [0x00000000d6000000,0x00000000d6000000,0x00000000e3400000)
  from space 15360K, 98% used [0x00000000e3400000,0x00000000e42d5160,0x00000000e4300000)
  to   space 16896K, 0% used [0x00000000ea980000,0x00000000ea980000,0x00000000eba00000)
 ParOldGen       total 48128K, used 14918K [0x0000000082000000, 0x0000000084f00000, 0x00000000d6000000)
  object space 48128K, 30% used [0x0000000082000000,0x0000000082e91990,0x0000000084f00000)
 Metaspace       used 33686K, capacity 35402K, committed 35456K, reserved 1079296K
  class space    used 4654K, capacity 4974K, committed 4992K, reserved 1048576K
Event: 13.924 GC heap after
Heap after GC invocations=11 (full 2):
 PSYoungGen      total 232448K, used 0K [0x00000000d6000000, 0x00000000eba00000, 0x0000000100000000)
  eden space 217088K, 0% used [0x00000000d6000000,0x00000000d6000000,0x00000000e3400000)
  from space 15360K, 0% used [0x00000000e3400000,0x00000000e3400000,0x00000000e4300000)
  to   space 16896K, 0% used [0x00000000ea980000,0x00000000ea980000,0x00000000eba00000)
 ParOldGen       total 83968K, used 26349K [0x0000000082000000, 0x0000000087200000, 0x00000000d6000000)
  object space 83968K, 31% used [0x0000000082000000,0x00000000839bb718,0x0000000087200000)
 Metaspace       used 33686K, capacity 35402K, committed 35456K, reserved 1079296K
  class space    used 4654K, capacity 4974K, committed 4992K, reserved 1048576K
}
Event: 18.807 GC heap before
{Heap before GC invocations=12 (full 2):
 PSYoungGen      total 232448K, used 217088K [0x00000000d6000000, 0x00000000eba00000, 0x0000000100000000)
  eden space 217088K, 100% used [0x00000000d6000000,0x00000000e3400000,0x00000000e3400000)
  from space 15360K, 0% used [0x00000000e3400000,0x00000000e3400000,0x00000000e4300000)
  to   space 16896K, 0% used [0x00000000ea980000,0x00000000ea980000,0x00000000eba00000)
 ParOldGen       total 83968K, used 26349K [0x0000000082000000, 0x0000000087200000, 0x00000000d6000000)
  object space 83968K, 31% used [0x0000000082000000,0x00000000839bb718,0x0000000087200000)
 Metaspace       used 38255K, capacity 40450K, committed 40704K, reserved 1083392K
  class space    used 5351K, capacity 5761K, committed 5888K, reserved 1048576K
Event: 18.819 GC heap after
Heap after GC invocations=12 (full 2):
 PSYoungGen      total 300544K, used 10286K [0x00000000d6000000, 0x00000000eb400000, 0x0000000100000000)
  eden space 289792K, 0% used [0x00000000d6000000,0x00000000d6000000,0x00000000e7b00000)
  from space 10752K, 95% used [0x00000000ea980000,0x00000000eb38bb58,0x00000000eb400000)
  to   space 16896K, 0% used [0x00000000e9300000,0x00000000e9300000,0x00000000ea380000)
 ParOldGen       total 83968K, used 26357K [0x0000000082000000, 0x0000000087200000, 0x00000000d6000000)
  object space 83968K, 31% used [0x0000000082000000,0x00000000839bd718,0x0000000087200000)
 Metaspace       used 38255K, capacity 40450K, committed 40704K, reserved 1083392K
  class space    used 5351K, capacity 5761K, committed 5888K, reserved 1048576K
}

